KeepHealth_1.0/proguard-project.txt
-optimizationpasses 7  #指定代码的压缩级别 0 - 7
-dontusemixedcaseclassnames  #是否使用大小写混合
-dontskipnonpubliclibraryclasses  #如果应用程序引入的有jar包，并且想混淆jar包里面的class
-verbose #混淆时是否记录日志（混淆后生产映射文件&nbsp;map&nbsp;类名 -> 转化后类名的映射
-dontwarn   #如果有警告也不终止 
#-keep public class * extends android.app.Activity  #所有activity的子类不要去混淆
#-keep public class com.android.vending.licensing.ILicensingService #指定具体类不要去混淆
-keepclasseswithmembernames class * {
    native <methods>;  #保持 native 的方法不去混淆
}

-keepclasseswithmembers class * {
    public <init>(android.content.Context, android.util.AttributeSet);  #保持自定义控件类不被混淆，指定格式的构造方法不去混淆
}

-keepclasseswithmembers class * {
    public <init>(android.content.Context, android.util.AttributeSet, int);
}

-keepclassmembers class * extends android.app.Activity { 
    public void *(android.view.View); #保持指定规则的方法不被混淆（Android layout 布局文件中为控件配置的onClick方法不能混淆）
}


-keepclassmembers class * extends android.support.v4.app.FragmentActivity { 
    public void *(android.view.View); #保持指定规则的方法不被混淆（Android layout 布局文件中为控件配置的onClick方法不能混淆）
}



-keep public class * extends android.view.View {  #保持自定义控件指定规则的方法不被混淆
    public <init>(android.content.Context);
    public <init>(android.content.Context, android.util.AttributeSet);
    public <init>(android.content.Context, android.util.AttributeSet, int);
    public void set*(...);
}

-keepclassmembers enum * {  #保持枚举 enum 不被混淆
    public static **[] values();
    public static ** valueOf(java.lang.String);
}

-keep class * implements android.os.Parcelable {  #保持 Parcelable 不被混淆（aidl文件不能去混淆）
    public static final android.os.Parcelable$Creator *;
}

-keepnames class * implements java.io.Serializable #需要序列化和反序列化的类不能被混淆（注：Java反射用到的类也不能被混淆）

-keepclassmembers class * implements java.io.Serializable { #保护实现接口Serializable的类中，指定规则的类成员不被混淆
    static final long serialVersionUID;
    private static final java.io.ObjectStreamField[] serialPersistentFields;
    !static !transient <fields>;
    private void writeObject(java.io.ObjectOutputStream);
    private void readObject(java.io.ObjectInputStream);
    java.lang.Object writeReplace();
    java.lang.Object readResolve();
}

-keepattributes Signature  #过滤泛型（不写可能会出现类型转换错误，一般情况把这个加上就是了）

-keepattributes *Annotation*  #假如项目中有用到注解，应加入这行配置

-keep class **.R$* { *; }  #保持R文件不被混淆，否则，你的反射是获取不到资源id的

-keep class **.Webview2JsInterface { *; }  #保护WebView对HTML页面的API不被混淆
-keepclassmembers class * extends android.webkit.WebViewClient {  #如果你的项目中用到了webview的复杂操作 ，最好加入
 		 	public void *(android.webkit.WebView,java.lang.String,android.graphics.Bitmap);
      		public boolean *(android.webkit.WebView,java.lang.String);
}
-keepclassmembers class * extends android.webkit.WebChromeClient {  #如果你的项目中用到了webview的复杂操作 ，最好加入
	public void *(android.webkit.WebView,java.lang.String);
}
#对WebView的简单说明下：经过实战检验,做腾讯QQ登录，如果引用他们提供的jar，若不加防止WebChromeClient混淆的代码，oauth认证无法回调，反编译基代码后可看到他们有用到WebChromeClient，加入此代码即可。

##################################################################
# 下面都是项目中引入的第三方 jar 包。第三方 jar 包中的代码不是我们的目标和关心的对象，故而对此我们全部忽略不进行混淆。
##################################################################

-libraryjars  D:/svn/libs/libs/android-support-v4.jar
-dontwarn android.support.v4.**
-keep class android.support.v4.** { *; }  
-keep interface android.support.v4.** { *; }
-keep public class * extends android.support.v4.** 
-keep public class * extends android.app.Fragment
-keep public class com.ytdinfo.keephealth.ui.WebViewActivity
-keepclassmembers class  com.ytdinfo.keephealth.ui.WebViewActivity{
  public *;
}

-keep public class com.ytdinfo.keephealth.ui.personaldata.PersonalDataActivity
-keepclassmembers class  com.ytdinfo.keephealth.ui.personaldata.PersonalDataActivity{
  public *;
  protected *;
  private *;
}

-keep public class com.ytdinfo.keephealth.ui.clinic.ClinicWebView
-keepclassmembers class  com.ytdinfo.keephealth.ui.clinic.ClinicWebView{
  public *;
}


-keep public class com.ytdinfo.keephealth.ui.ZHWebViewActivity
-keepclassmembers class  com.ytdinfo.keephealth.ui.ZHWebViewActivity{
  public *;
}

-keep public class com.ytdinfo.keephealth.ui.clinic.NativeClinicWebView
-keepclassmembers class  com.ytdinfo.keephealth.ui.clinic.NativeClinicWebView{
  public *;
}

-keep public class com.ytdinfo.keephealth.ui.uzanstore.WebActivity
-keepclassmembers class  com.ytdinfo.keephealth.ui.uzanstore.WebActivity{
  public *;
}

-keep public class com.ytdinfo.keephealth.ui.ClinicFragment
-keepclassmembers class  com.ytdinfo.keephealth.ui.ClinicFragment{
  public *;
}

-keepattributes *Annotation*
-keepattributes *JavascriptInterface*


-libraryjars D:/svn/libs/libs/gson-1.7.1.jar
-dontwarn com.google.gson.**
-keep class com.google.gson.** { *; }

-libraryjars D:/svn/libs/libs/jpush-sdk-release1.8.0.jar
-dontwarn cn.jpush.android.**
-keep class cn.jpush.android.** { *; }

-keep class com.ytdinfo.keephealth.zhangyuhui.** { *; }

-libraryjars D:/svn/libs/libs/nineoldandroids-2.4.0.jar
-dontwarn com.nineoldandroids.**
-keep class com.nineoldandroids.** { *; }

 
-libraryjars D:/svn/libs/libs/universal-image-loader-1.9.5.jar
-dontwarn com.nostra13.universalimageloader.**
-keep class com.nostra13.universalimageloader.** { *; } 

-libraryjars D:/svn/libs/libs/xUtils-2.6.14.jar
-dontwarn com.lidroid.xutils.**
-keep class com.lidroid.xutils.** { *; }

-libraryjars D:/svn/libs/libs/Yuntx_FullLib_v5.1.9r2.jar
-dontwarn com.yuntongxun.ecsdk.**
-dontwarn com.yuntongxun.kitsdk.**
-keep class com.yuntongxun.ecsdk.** { *; }
-keep class com.yuntongxun.kitsdk.** { *; }
-keep class org.webrtc.videoengine.**{ *; }
-keep class org.webrtc.voiceengine.**{ *; }

-libraryjars D:/svn/libs/libs/library.jar
-dontwarn uk.co.senab.photoview.**
-keep class uk.co.senab.photoview.** { *; }

-libraryjars  D:/svn/libs/libs/SocialSDK_WeiXin_1.jar
-libraryjars  D:/svn/libs/libs/SocialSDK_WeiXin_2.jar
-libraryjars  D:/svn/libs/libs/umeng_social_sdk.jar
-dontwarn  com.umeng.socialize.**
-keep class com.umeng.socialize.** { *; }

-libraryjars  D:/svn/libs/libs/umeng-analytics-v5.5.3.jar
-dontwarn  com.umeng.analytics.**
-keep class com.umeng.analytics.** { *; }

-libraryjars  D:/svn/libs/libs/SocialSDK_QQZone_3.jar
-dontwarn  com.tencent.**
-keep class com.tencent.** { *; }

-libraryjars  D:/svn/libs/libs/umeng-onlineconfig_v1.0.0.jar
-libraryjars  D:/svn/libs/libs/umeng-update-v2.6.0.1.jar
-dontwarn  com.umeng.update.**
-dontwarn  com.umeng.onlineconfig.**


#-keep class com.umeng.onlineconfig.** { *; }


-keepclassmembers class * {
   public <init>(org.json.JSONObject);
}


-keep class com.umeng.onlineconfig.OnlineConfigAgent {
        public <fields>;
        public <methods>;

}
-keep class com.umeng.onlineconfig.OnlineConfigLog {
        public <fields>;
        public <methods>;
}
-keep interface com.umeng.onlineconfig.UmengOnlineConfigureListener {
        public <methods>;
 }
        
        
-libraryjars  D:/svn/libs/libs/youzan-sdk-v2.1.6.jar
-dontwarn com.youzan.sdk.**
-keep class  com.youzan.sdk.** { *; }

-libraryjars  D:/svn/libs/libs/org.apache.http.legacy.jar
-dontwarn org.apache.http.**   
-dontwarn android.net.**
-keep class  org.apache.http.** { *; }
-keep class  android.net.** { *; }
-keep class  org.apache.commons.codec.** { *; }
-keep class  com.android.internal.http.multipart.** { *; }
-keep class  android.net.compatibility.** { *; }

-libraryjars  D:/svn/libs/libs/com.umeng.message_v2.7.0.jar
-dontwarn org.android.agoo.**   
-keep class  org.android.agoo.** { *; }

-libraryjars  D:/svn/libs/libs/umeng_community_sdk_db.jar
-dontwarn com.umeng.** 
-keep class  com.umeng.** { *; }

-libraryjars  D:/svn/libs/libs/httpmime-4.1.3.jar
-dontwarn org.apache.http.entity.mime.** 
-keep class  org.apache.http.entity.mime.** { *; }

-libraryjars  D:/svn/libs/libs/umeng_community_location.jar

-libraryjars  D:/svn/libs/libs/wire-runtime-1.7.0.jar
-dontwarn com.squareup.wire.** 
-keep class  com.squareup.wire.** { *; }

-libraryjars  D:/svn/libs/libs/umeng_community_sdk_core.jar

-libraryjars  D:/svn/libs/libs/android-support-v7-recyclerview.jar
-dontwarn android.support.v7.** 
-keep class  android.support.v7.** { *; }

-libraryjars  D:/svn/libs/libs/weiboSDKCore_3.1.4.jar
-dontwarn com.sina.weibo.sdk.** 
-keep class  com.sina.weibo.sdk.** { *; }
-dontwarn com.sina.sso.** 
-keep class  com.sina.sso.** { *; }

-libraryjars  D:/svn/libs/libs/umeng_community_push.jar
 

-libraryjars  D:/svn/libs/libs/Android_Location_V1.3.2.jar
-dontwarn com.amap.api.location.** 
-keep class  com.amap.api.location.** { *; }
-dontwarn com.aps.** 
-keep class  com.aps.** { *; }

-libraryjars  D:/svn/libs/libs/umeng_activeandroid.jar
-dontwarn activeandroid.** 
-keep class  activeandroid.** { *; }
-dontwarn com.umeng_community.activeandroid.** 
-keep class  com.umeng_community.activeandroid.** { *; }

-libraryjars  D:/svn/libs/libs/umeng_community_sdk_login.jar

-libraryjars  D:/svn/libs/libs/mta-sdk-1.6.2.jar
-dontwarn com.tencent.stat.** 
-keep class  com.tencent.stat.** { *; }

-libraryjars  D:/svn/libs/libs/SocialSDK_Sina.jar

-libraryjars  D:/svn/libs/libs/okio-0.6.1.jar
-dontwarn okio.** 
-keep class  okio.** { *; }

#-libraryjars  D:/svn/libs/libs/open_sdk_r5509.jar
-dontwarn com.tencent.** 
-keep class  com.tencent.** { *; }


-libraryjars  D:/svn/libs/libs/umeng_community_share.jar


 