KeepHealth_1.0/proguard/seeds.txt
com.ytdinfo.keephealth.R$anim
com.ytdinfo.keephealth.R$anim: int activity_slide_left_in
com.ytdinfo.keephealth.R$anim: int activity_slide_left_out
com.ytdinfo.keephealth.R$anim: int activity_slide_right_in
com.ytdinfo.keephealth.R$anim: int activity_slide_right_out
com.ytdinfo.keephealth.R$anim: int activity_translate_in
com.ytdinfo.keephealth.R$anim: int activity_translate_out
com.ytdinfo.keephealth.R$anim: int anim_pop_from_left
com.ytdinfo.keephealth.R$anim: int anim_pop_from_right
com.ytdinfo.keephealth.R$anim: int anim_push_from_left
com.ytdinfo.keephealth.R$anim: int anim_push_from_right
com.ytdinfo.keephealth.R$anim: int ccp_faded_in
com.ytdinfo.keephealth.R$anim: int ccp_faded_out
com.ytdinfo.keephealth.R$anim: int ccp_push_up_in
com.ytdinfo.keephealth.R$anim: int ccp_switch_down_out
com.ytdinfo.keephealth.R$anim: int custom_item_anim
com.ytdinfo.keephealth.R$anim: int fade_in
com.ytdinfo.keephealth.R$anim: int layout_animation
com.ytdinfo.keephealth.R$anim: int next_check
com.ytdinfo.keephealth.R$anim: int popup_enter
com.ytdinfo.keephealth.R$anim: int popup_exit
com.ytdinfo.keephealth.R$anim: int push_bottom_in
com.ytdinfo.keephealth.R$anim: int push_down_in
com.ytdinfo.keephealth.R$anim: int push_down_out
com.ytdinfo.keephealth.R$anim: int push_empty_out
com.ytdinfo.keephealth.R$anim: int push_up_in
com.ytdinfo.keephealth.R$anim: int slide_in_from_bottom
com.ytdinfo.keephealth.R$anim: int slide_out_to_bottom
com.ytdinfo.keephealth.R$anim: int spinner
com.ytdinfo.keephealth.R$array
com.ytdinfo.keephealth.R$array: int babaiban_name
com.ytdinfo.keephealth.R$array: int babaiban_room
com.ytdinfo.keephealth.R$array: int babaiban_roomnub
com.ytdinfo.keephealth.R$array: int chat_menu
com.ytdinfo.keephealth.R$array: int chat_select_item
com.ytdinfo.keephealth.R$array: int chatroom_pull
com.ytdinfo.keephealth.R$array: int chatvideo_select_item
com.ytdinfo.keephealth.R$array: int config_newImMessageVibePattern
com.ytdinfo.keephealth.R$array: int emoji_code
com.ytdinfo.keephealth.R$array: int emoji_code_file
com.ytdinfo.keephealth.R$array: int group_info
com.ytdinfo.keephealth.R$array: int group_join_model
com.ytdinfo.keephealth.R$array: int jingan_name
com.ytdinfo.keephealth.R$array: int jingan_room
com.ytdinfo.keephealth.R$array: int jingan_roomnub
com.ytdinfo.keephealth.R$array: int jingan_roomnum
com.ytdinfo.keephealth.R$array: int member_memu_forbidden
com.ytdinfo.keephealth.R$array: int member_memu_forbidden_cancle
com.ytdinfo.keephealth.R$array: int setting_automanage
com.ytdinfo.keephealth.R$array: int setting_echocancelled
com.ytdinfo.keephealth.R$array: int setting_silencerestrain
com.ytdinfo.keephealth.R$array: int xuhui_name
com.ytdinfo.keephealth.R$array: int xuhui_room
com.ytdinfo.keephealth.R$array: int xuhui_roomnub
com.ytdinfo.keephealth.R$array: R$array()
...
com.google.gson.internal.$Gson$Preconditions
com.google.gson.internal.$Gson$Preconditions: $Gson$Preconditions()
com.google.gson.internal.$Gson$Preconditions: java.lang.Object checkNotNull(java.lang.Object)
com.google.gson.internal.$Gson$Preconditions: void checkArgument(boolean)
com.google.gson.internal.$Gson$Preconditions: void checkState(boolean)
com.google.gson.internal.$Gson$Types
com.google.gson.internal.$Gson$Types: java.lang.reflect.Type[] EMPTY_TYPE_ARRAY
com.google.gson.internal.$Gson$Types: $Gson$Types()
com.google.gson.internal.$Gson$Types: java.lang.reflect.ParameterizedType newParameterizedTypeWithOwner(java.lang.reflect.Type,java.lang.reflect.Type,java.lang.reflect.Type[])
com.google.gson.internal.$Gson$Types: java.lang.reflect.GenericArrayType arrayOf(java.lang.reflect.Type)
com.google.gson.internal.$Gson$Types: java.lang.reflect.WildcardType subtypeOf(java.lang.reflect.Type)
com.google.gson.internal.$Gson$Types: java.lang.reflect.WildcardType supertypeOf(java.lang.reflect.Type)
com.google.gson.internal.$Gson$Types: java.lang.reflect.Type canonicalize(java.lang.reflect.Type)
com.google.gson.internal.$Gson$Types: java.lang.Class getRawType(java.lang.reflect.Type)
com.google.gson.internal.$Gson$Types: boolean equal(java.lang.Object,java.lang.Object)
com.google.gson.internal.$Gson$Types: boolean equals(java.lang.reflect.Type,java.lang.reflect.Type)
com.google.gson.internal.$Gson$Types: int hashCodeOrZero(java.lang.Object)
com.google.gson.internal.$Gson$Types: java.lang.String typeToString(java.lang.reflect.Type)
com.google.gson.internal.$Gson$Types: java.lang.reflect.Type getGenericSupertype(java.lang.reflect.Type,java.lang.Class,java.lang.Class)
com.google.gson.internal.$Gson$Types: java.lang.reflect.Type getSupertype(java.lang.reflect.Type,java.lang.Class,java.lang.Class)
com.google.gson.internal.$Gson$Types$GenericArrayTypeImpl
com.google.gson.internal.$Gson$Types$GenericArrayTypeImpl: java.lang.reflect.Type componentType
com.google.gson.internal.$Gson$Types$GenericArrayTypeImpl: long serialVersionUID
com.google.gson.internal.$Gson$Types$GenericArrayTypeImpl: $Gson$Types$GenericArrayTypeImpl(java.lang.reflect.Type)
com.google.gson.internal.$Gson$Types$GenericArrayTypeImpl: java.lang.reflect.Type getGenericComponentType()
com.google.gson.internal.$Gson$Types$GenericArrayTypeImpl: boolean equals(java.lang.Object)
com.google.gson.internal.$Gson$Types$GenericArrayTypeImpl: int hashCode()
com.google.gson.internal.$Gson$Types$GenericArrayTypeImpl: java.lang.String toString()
com.google.gson.internal.$Gson$Types$ParameterizedTypeImpl
com.google.gson.internal.$Gson$Types$ParameterizedTypeImpl: java.lang.reflect.Type ownerType
com.google.gson.internal.$Gson$Types$ParameterizedTypeImpl: java.lang.reflect.Type rawType
com.google.gson.internal.$Gson$Types$ParameterizedTypeImpl: java.lang.reflect.Type[] typeArguments
com.google.gson.internal.$Gson$Types$ParameterizedTypeImpl: long serialVersionUID
com.google.gson.internal.$Gson$Types$ParameterizedTypeImpl: $Gson$Types$ParameterizedTypeImpl(java.lang.reflect.Type,java.lang.reflect.Type,java.lang.reflect.Type[])
com.google.gson.internal.$Gson$Types$ParameterizedTypeImpl: java.lang.reflect.Type[] getActualTypeArguments()
com.google.gson.internal.$Gson$Types$ParameterizedTypeImpl: java.lang.reflect.Type getRawType()
com.google.gson.internal.$Gson$Types$ParameterizedTypeImpl: java.lang.reflect.Type getOwnerType()
com.google.gson.internal.$Gson$Types$ParameterizedTypeImpl: boolean equals(java.lang.Object)
com.google.gson.internal.$Gson$Types$ParameterizedTypeImpl: int hashCode()
com.google.gson.internal.$Gson$Types$ParameterizedTypeImpl: java.lang.String toString()