KeepHealth_1.0/proguard/mapping.txt
com.ytdinfo.keephealth.R -> com.ytdinfo.keephealth.R:
com.ytdinfo.keephealth.R$anim -> com.ytdinfo.keephealth.R$anim:
    int activity_slide_left_in -> activity_slide_left_in
    int activity_slide_left_out -> activity_slide_left_out
    int activity_slide_right_in -> activity_slide_right_in
    int activity_slide_right_out -> activity_slide_right_out
    int activity_translate_in -> activity_translate_in
    int activity_translate_out -> activity_translate_out
    int anim_pop_from_left -> anim_pop_from_left
    int anim_pop_from_right -> anim_pop_from_right
    int anim_push_from_left -> anim_push_from_left
    int anim_push_from_right -> anim_push_from_right
    int ccp_faded_in -> ccp_faded_in
    int ccp_faded_out -> ccp_faded_out
    int ccp_push_up_in -> ccp_push_up_in
    int ccp_switch_down_out -> ccp_switch_down_out
    int custom_item_anim -> custom_item_anim
    int fade_in -> fade_in
    int layout_animation -> layout_animation
    int next_check -> next_check
    int popup_enter -> popup_enter
    int popup_exit -> popup_exit
    int push_bottom_in -> push_bottom_in
    int push_down_in -> push_down_in
    int push_down_out -> push_down_out
    int push_empty_out -> push_empty_out
    int push_up_in -> push_up_in
    int slide_in_from_bottom -> slide_in_from_bottom
    int slide_out_to_bottom -> slide_out_to_bottom
    int spinner -> spinner
    int switch_down_out -> switch_down_out
    int umeng_socialize_fade_in -> umeng_socialize_fade_in
    int umeng_socialize_fade_out -> umeng_socialize_fade_out
com.ytdinfo.keephealth.R$array -> com.ytdinfo.keephealth.R$array:
    int babaiban_name -> babaiban_name
    int babaiban_room -> babaiban_room
    int babaiban_roomnub -> babaiban_roomnub
    int chat_menu -> chat_menu
    int chat_select_item -> chat_select_item
    int chatroom_pull -> chatroom_pull
    int chatvideo_select_item -> chatvideo_select_item
    int config_newImMessageVibePattern -> config_newImMessageVibePattern
    int emoji_code -> emoji_code
    int emoji_code_file -> emoji_code_file
    int group_info -> group_info
    int group_join_model -> group_join_model
    int jingan_name -> jingan_name
    int jingan_room -> jingan_room
    int jingan_roomnub -> jingan_roomnub
    int jingan_roomnum -> jingan_roomnum
    int member_memu_forbidden -> member_memu_forbidden
    int member_memu_forbidden_cancle -> member_memu_forbidden_cancle
    int setting_automanage -> setting_automanage
    int setting_echocancelled -> setting_echocancelled
    int setting_silencerestrain -> setting_silencerestrain
    int xuhui_name -> xuhui_name
    int xuhui_room -> xuhui_room
    int xuhui_roomnub -> xuhui_roomnub
...
com.nostra13.universalimageloader.cache.disc.impl.ext.DiskLruCache$Editor -> com.nostra13.universalimageloader.cache.disc.impl.ext.DiskLruCache$Editor:
    com.nostra13.universalimageloader.cache.disc.impl.ext.DiskLruCache$Entry entry -> entry
    boolean[] written -> written
    boolean hasErrors -> hasErrors
    boolean committed -> committed
    com.nostra13.universalimageloader.cache.disc.impl.ext.DiskLruCache this$0 -> this$0
    java.io.InputStream newInputStream(int) -> newInputStream
    java.lang.String getString(int) -> getString
    java.io.OutputStream newOutputStream(int) -> newOutputStream
    void set(int,java.lang.String) -> set
    void commit() -> commit
    void abort() -> abort
    void abortUnlessCommitted() -> abortUnlessCommitted
    com.nostra13.universalimageloader.cache.disc.impl.ext.DiskLruCache$Entry access$1500(com.nostra13.universalimageloader.cache.disc.impl.ext.DiskLruCache$Editor) -> access$1500
    boolean[] access$1600(com.nostra13.universalimageloader.cache.disc.impl.ext.DiskLruCache$Editor) -> access$1600
    boolean access$2402(com.nostra13.universalimageloader.cache.disc.impl.ext.DiskLruCache$Editor,boolean) -> access$2402
com.nostra13.universalimageloader.cache.disc.impl.ext.DiskLruCache$Editor$FaultHidingOutputStream -> com.nostra13.universalimageloader.cache.disc.impl.ext.DiskLruCache$Editor$FaultHidingOutputStream:
    com.nostra13.universalimageloader.cache.disc.impl.ext.DiskLruCache$Editor this$1 -> this$1
    void write(int) -> write
    void write(byte[],int,int) -> write
    void close() -> close
    void flush() -> flush
com.nostra13.universalimageloader.cache.disc.impl.ext.DiskLruCache$Entry -> com.nostra13.universalimageloader.cache.disc.impl.ext.DiskLruCache$Entry:
    java.lang.String key -> key
    long[] lengths -> lengths
    boolean readable -> readable
    com.nostra13.universalimageloader.cache.disc.impl.ext.DiskLruCache$Editor currentEditor -> currentEditor
    long sequenceNumber -> sequenceNumber
    com.nostra13.universalimageloader.cache.disc.impl.ext.DiskLruCache this$0 -> this$0
    java.lang.String getLengths() -> getLengths
    void setLengths(java.lang.String[]) -> setLengths
    java.io.IOException invalidLengths(java.lang.String[]) -> invalidLengths
    java.io.File getCleanFile(int) -> getCleanFile
    java.io.File getDirtyFile(int) -> getDirtyFile
    boolean access$702(com.nostra13.universalimageloader.cache.disc.impl.ext.DiskLruCache$Entry,boolean) -> access$702
    com.nostra13.universalimageloader.cache.disc.impl.ext.DiskLruCache$Editor access$802(com.nostra13.universalimageloader.cache.disc.impl.ext.DiskLruCache$Entry,com.nostra13.universalimageloader.cache.disc.impl.ext.DiskLruCache$Editor) -> access$802
    void access$900(com.nostra13.universalimageloader.cache.disc.impl.ext.DiskLruCache$Entry,java.lang.String[]) -> access$900
    com.nostra13.universalimageloader.cache.disc.impl.ext.DiskLruCache$Editor access$800(com.nostra13.universalimageloader.cache.disc.impl.ext.DiskLruCache$Entry) -> access$800
com.nostra13.universalimageloader.cache.disc.impl.ext.DiskLruCache$Snapshot -> com.nostra13.universalimageloader.cache.disc.impl.ext.DiskLruCache$Snapshot:
    java.lang.String key -> key
    long sequenceNumber -> sequenceNumber
    java.io.File[] files -> files
    java.io.InputStream[] ins -> ins
    long[] lengths -> lengths
    com.nostra13.universalimageloader.cache.disc.impl.ext.DiskLruCache this$0 -> this$0
    com.nostra13.universalimageloader.cache.disc.impl.ext.DiskLruCache$Editor edit() -> edit
    java.io.File getFile(int) -> getFile
    java.io.InputStream getInputStream(int) -> getInputStream
    java.lang.String getString(int) -> getString
    long getLength(int) -> getLength
    void close() -> close