KeepHealth_1.0/proguard/usage.txt
com.ytdinfo.keephealth.BuildConfig
com.ytdinfo.keephealth.Manifest
com.ytdinfo.keephealth.Manifest$permission
com.ytdinfo.keephealth.R:
    10:10:public R()
com.ytdinfo.keephealth.app.Constants:
    public static final java.lang.String ISFIRSTCOME
    public static final java.lang.String ALERT
    public static final java.lang.String VIEWPAGER_IMAGEPATH
    public static final java.lang.String VIEWPAGER
    public static final java.lang.String DATE
    public static final java.lang.String ISLOADED
    public static final java.lang.String TOKEN
    public static final java.lang.String CHECKEDID_RADIOBT
    public static final java.lang.String CHECKISUPDATE
    public static final java.lang.String NOTUPDATE
    public static final java.lang.String UserAccount
    public static final java.lang.String Password
    public static final java.lang.String UserName
    public static final java.lang.String UserSex
    public static final java.lang.String UserIdcard
    public static final java.lang.String USERID
    public static final java.lang.String USERMODEL
    public static final java.lang.String SUBJECTID
    public static final java.lang.String CHATINFO
    public static final int PROGRESSMAX
    public static final java.lang.String CLOSESUBJECT
    public static final java.lang.String ONLINE_QUES_USERMODEL
    public static final java.lang.String ONLINE_QUES_USERMODEL_ME
    public static final java.lang.String ROOT_URl
    public static final java.lang.String SERVICE_URl
    public static final java.lang.String LOGIN_URl
    public static final java.lang.String VERIFICATION_URl
com.ytdinfo.keephealth.app.HttpClient:
    private static final java.lang.String APPSYS_STRING
    210:211:public static com.lidroid.xutils.http.HttpHandler download(android.content.Context,java.lang.String,java.lang.String,com.lidroid.xutils.http.callback.RequestCallBack)
com.ytdinfo.keephealth.app.MyApp:
    com.yuntongxun.kitsdk.beans.ChatInfoBean chatInfoBean
    195:207:public java.lang.String getAppVersionName(android.content.Context)
    242:244:public void showToast(java.lang.String)
    247:249:public void showToast(int)
    252:259:public java.lang.String getDevicNO()
    263:268:public java.lang.String getDeviceId()
    274:282:public java.lang.String getMacAddress()
    291:291:public java.lang.String getDevice()
    300:300:public java.lang.String getVendor()
    307:307:public int getSDKVersion()
    314:314:public java.lang.String getOSVersion()
    323:332:public java.lang.String getVersion()
    340:345:public void setAudioMode(int)
    353:360:public void startCalling(java.lang.String)
    363:364:public void quitApp()
com.ytdinfo.keephealth.jpush.ExampleUtil:
    public static final java.lang.String PREFS_NAME
    public static final java.lang.String PREFS_DAYS
    public static final java.lang.String PREFS_START_TIME
    public static final java.lang.String PREFS_END_TIME
    public static final java.lang.String KEY_APP_KEY
    19:19:public ExampleUtil()
    38:40:public static boolean isValidTagAndAlias(java.lang.String)
    45:61:public static java.lang.String getAppKey(android.content.Context)
    67:71:public static java.lang.String GetVersion(android.content.Context)
    77:86:public static void showToast(java.lang.String,android.content.Context)
    89:91:public static boolean isConnected(android.content.Context)
    96:101:public static java.lang.String getImei(android.content.Context,java.lang.String)
com.ytdinfo.keephealth.jpush.ExampleUtil$1
com.ytdinfo.keephealth.jpush.MyReceiver:
    private static final java.lang.String TAG
    128:139:private static java.lang.String printBundle(android.os.Bundle)
    144:162:private void processCustomMessage(android.content.Context,android.os.Bundle)
...
u.aly.am$e:
    61:65:public static u.aly.am$e a(int)
    74:76:public static u.aly.am$e b(int)
    83:83:public static u.aly.am$e a(java.lang.String)
u.aly.an:
    134:141:public an(u.aly.an)
    144:144:public u.aly.an a()
    149:151:public void b()
    154:154:public java.lang.String c()
    158:159:public u.aly.an a(java.lang.String)
    163:164:public void d()
    168:168:public boolean e()
    178:178:public java.lang.String f()
    182:183:public u.aly.an b(java.lang.String)
    187:188:public void h()
    192:192:public boolean i()
    202:202:public u.aly.an$e a(int)
    250:254:private void a(java.io.ObjectOutputStream)
    258:262:private void a(java.io.ObjectInputStream)
    31:31:public synthetic u.aly.ch g()
    31:31:public synthetic u.aly.co b(int)
u.aly.an$e:
    63:69:public static u.aly.an$e a(int)
    78:80:public static u.aly.an$e b(int)
    87:87:public static u.aly.an$e a(java.lang.String)
u.aly.ao:
    private static final int x
    private static final int y
    197:202:public ao(java.lang.String,u.aly.bk,java.lang.String,java.lang.String)
    207:235:public ao(u.aly.ao)
    238:238:public u.aly.ao a()
    243:255:public void b()
    258:258:public java.lang.String c()
    267:268:public void d()
    272:272:public boolean e()
    282:282:public java.lang.String f()
    291:292:public void h()
    306:306:public int j()
    316:317:public void k()
    329:329:public java.lang.String m()
    338:339:public void n()
    357:357:public u.aly.bk p()
    370:371:public void q()
    375:375:public boolean r()
    385:385:public java.lang.String s()
    394:395:public void t()
    399:399:public boolean u()
    409:409:public java.lang.String v()
    418:419:public void w()
    423:423:public boolean x()
    433:433:public java.lang.String y()
    442:443:public void z()
    457:457:public java.lang.String B()
    466:467:public void C()
    481:481:public int E()
    491:492:public void F()
    504:504:public u.aly.ao$e d(int)
    626:630:private void a(java.io.ObjectOutputStream)
    635:640:private void a(java.io.ObjectInputStream)
    32:32:public synthetic u.aly.ch g()
    32:32:public synthetic u.aly.co b(int)
u.aly.ao$e:
    96:118:public static u.aly.ao$e a(int)
    127:129:public static u.aly.ao$e b(int)
    136:136:public static u.aly.ao$e a(java.lang.String)
u.aly.ap:
    private static final int j
    private static final int k
    private static final int l
    143:148:public ap(int,int)
    153:158:public ap(u.aly.ap)
    161:161:public u.aly.ap a()
    166:172:public void b()
    175:175:public int c()
    185:186:public void d()
    198:198:public int f()
    208:209:public void h()
    221:221:public int j()
    231:232:public void k()
    244:244:public u.aly.ap$e e(int)
    286:290:private void a(java.io.ObjectOutputStream)
    295:300:private void a(java.io.ObjectInputStream)
    32:32:public synthetic u.aly.ch g()
    32:32:public synthetic u.aly.co b(int)
u.aly.ap$e:
    67:75:public static u.aly.ap$e a(int)
    84:86:public static u.aly.ap$e b(int)
    93:93:public static u.aly.ap$e a(java.lang.String)
u.aly.aq:
    119:123:public aq(u.aly.aq)
    126:126:public u.aly.aq a()
    131:132:public void b()
    135:135:public u.aly.bd c()
    144:145:public void d()
    159:159:public u.aly.aq$e a(int)
    198:202:private void a(java.io.ObjectOutputStream)
    206:210:private void a(java.io.ObjectInputStream)
    31:31:public synthetic u.aly.ch g()
    31:31:public synthetic u.aly.co b(int)
u.aly.aq$e:
    60:64:public static u.aly.aq$e a(int)
    73:75:public static u.aly.aq$e b(int)
    82:82:public static u.aly.aq$e a(java.lang.String)